2022-12-26 18:39:37,677:INFO:PyCaret Supervised Module
2022-12-26 18:39:37,678:INFO:ML Usecase: classification
2022-12-26 18:39:37,679:INFO:version 2.3.10
2022-12-26 18:39:37,679:INFO:Initializing setup()
2022-12-26 18:39:37,679:INFO:setup(target=default, ml_usecase=classification, available_plots={'parameter': 'Hyperparameters', 'auc': 'AUC', 'confusion_matrix': 'Confusion Matrix', 'threshold': 'Threshold', 'pr': 'Precision Recall', 'error': 'Prediction Error', 'class_report': 'Class Report', 'rfe': 'Feature Selection', 'learning': 'Learning Curve', 'manifold': 'Manifold Learning', 'calibration': 'Calibration Curve', 'vc': 'Validation Curve', 'dimension': 'Dimensions', 'feature': 'Feature Importance', 'feature_all': 'Feature Importance (All)', 'boundary': 'Decision Boundary', 'lift': 'Lift Chart', 'gain': 'Gain Chart', 'tree': 'Decision Tree', 'ks': 'KS Statistic Plot'}, train_size=0.7, test_data=None, preprocess=True, imputation_type=simple, iterative_imputation_iters=5, categorical_features=None, categorical_imputation=constant, categorical_iterative_imputer=lightgbm, ordinal_features=None, high_cardinality_features=None, high_cardinality_method=frequency, numeric_features=None, numeric_imputation=mean, numeric_iterative_imputer=lightgbm, date_features=None, ignore_features=None, normalize=False, normalize_method=zscore, transformation=False, transformation_method=yeo-johnson, handle_unknown_categorical=True, unknown_categorical_method=least_frequent, pca=False, pca_method=linear, pca_components=None, ignore_low_variance=False, combine_rare_levels=False, rare_level_threshold=0.1, bin_numeric_features=None, remove_outliers=False, outliers_threshold=0.05, remove_multicollinearity=False, multicollinearity_threshold=0.9, remove_perfect_collinearity=True, create_clusters=False, cluster_iter=20, polynomial_features=False, polynomial_degree=2, trigonometry_features=False, polynomial_threshold=0.1, group_features=None, group_names=None, feature_selection=False, feature_selection_threshold=0.8, feature_selection_method=classic, feature_interaction=False, feature_ratio=False, interaction_threshold=0.01, fix_imbalance=False, fix_imbalance_method=None, transform_target=False, transform_target_method=box-cox, data_split_shuffle=True, data_split_stratify=False, fold_strategy=stratifiedkfold, fold=10, fold_shuffle=False, fold_groups=None, n_jobs=-1, use_gpu=False, custom_pipeline=None, html=True, session_id=123, log_experiment=False, experiment_name=None, experiment_custom_tags=None, log_plots=False, log_profile=False, log_data=False, silent=False, verbose=True, profile=False, profile_kwargs=None, display=None)
2022-12-26 18:39:37,679:INFO:Checking environment
2022-12-26 18:39:37,679:INFO:python_version: 3.9.13
2022-12-26 18:39:37,679:INFO:python_build: ('main', 'Aug 25 2022 23:51:50')
2022-12-26 18:39:37,679:INFO:machine: AMD64
2022-12-26 18:39:37,679:INFO:platform: Windows-10-10.0.19045-SP0
2022-12-26 18:39:37,679:INFO:Memory: svmem(total=8549838848, available=1916653568, percent=77.6, used=6633185280, free=1916653568)
2022-12-26 18:39:37,680:INFO:Physical Core: 4
2022-12-26 18:39:37,680:INFO:Logical Core: 4
2022-12-26 18:39:37,680:INFO:Checking libraries
2022-12-26 18:39:37,680:INFO:pd==1.4.4
2022-12-26 18:39:37,680:INFO:numpy==1.19.5
2022-12-26 18:39:37,680:INFO:sklearn==0.23.2
2022-12-26 18:39:37,680:INFO:lightgbm==3.3.3
2022-12-26 18:39:37,682:WARNING:catboost not found
2022-12-26 18:39:37,683:WARNING:xgboost not found
2022-12-26 18:39:37,683:INFO:mlflow==2.1.1
2022-12-26 18:39:37,684:INFO:Checking Exceptions
2022-12-26 18:39:37,684:INFO:Declaring global variables
2022-12-26 18:39:37,684:INFO:USI: 2219
2022-12-26 18:39:37,684:INFO:pycaret_globals: {'_gpu_n_jobs_param', 'X_train', 'data_before_preprocess', 'master_model_container', 'create_model_container', '_all_metrics', 'X_test', '_internal_pipeline', '_ml_usecase', 'target_param', 'logging_param', 'fold_shuffle_param', 'log_plots_param', '_available_plots', 'fix_imbalance_param', 'n_jobs_param', 'y_train', '_all_models', 'iterative_imputation_iters_param', 'exp_name_log', 'gpu_param', 'fold_groups_param', 'fold_param', 'pycaret_globals', 'imputation_classifier', 'dashboard_logger', 'USI', 'fold_generator', 'prep_pipe', 'y_test', 'imputation_regressor', 'transform_target_method_param', 'transform_target_param', 'seed', '_all_models_internal', 'display_container', 'fix_imbalance_method_param', 'html_param', 'y', 'X', 'fold_groups_param_full', 'stratify_param', 'experiment__'}
2022-12-26 18:39:37,684:INFO:Preparing display monitor
2022-12-26 18:39:37,684:INFO:Preparing display monitor
2022-12-26 18:39:37,702:INFO:Importing libraries
2022-12-26 18:39:37,702:INFO:Copying data for preprocessing
2022-12-26 18:39:37,719:INFO:Declaring preprocessing parameters
2022-12-26 18:39:37,730:INFO:Creating preprocessing pipeline
2022-12-26 18:39:37,794:INFO:Preprocessing pipeline created successfully
2022-12-26 18:39:37,795:ERROR:(Process Exit): setup has been interupted with user command 'quit'. setup must rerun.
2022-12-26 18:39:37,795:INFO:Creating global containers
2022-12-26 18:39:37,798:INFO:Internal pipeline: Pipeline(memory=None, steps=[('empty_step', 'passthrough')], verbose=False)
2022-12-26 18:40:40,261:WARNING:Couldn't import xgboost.XGBClassifier
2022-12-26 18:40:40,263:WARNING:Couldn't import catboost.CatBoostClassifier
2022-12-26 18:40:40,439:WARNING:Couldn't import xgboost.XGBClassifier
2022-12-26 18:40:40,441:WARNING:Couldn't import catboost.CatBoostClassifier
2022-12-26 18:40:40,442:INFO:Creating grid variables
2022-12-26 18:40:40,460:INFO:create_model_container: 0
2022-12-26 18:40:40,460:INFO:master_model_container: 0
2022-12-26 18:40:40,460:INFO:display_container: 1
2022-12-26 18:40:40,467:INFO:Pipeline(memory=None,
         steps=[('dtypes',
                 DataTypes_Auto_infer(categorical_features=[],
                                      display_types=True, features_todrop=[],
                                      id_columns=[],
                                      ml_usecase='classification',
                                      numerical_features=[], target='default',
                                      time_features=[])),
                ('imputer',
                 Simple_Imputer(categorical_strategy='not_available',
                                fill_value_categorical=None,
                                fill_value_numerical=None,
                                numeric_stra...
                ('scaling', 'passthrough'), ('P_transform', 'passthrough'),
                ('binn', 'passthrough'), ('rem_outliers', 'passthrough'),
                ('cluster_all', 'passthrough'),
                ('dummy', Dummify(target='default')),
                ('fix_perfect', Remove_100(target='default')),
                ('clean_names', Clean_Colum_Names()),
                ('feature_select', 'passthrough'), ('fix_multi', 'passthrough'),
                ('dfs', 'passthrough'), ('pca', 'passthrough')],
         verbose=False)
2022-12-26 18:40:40,467:INFO:setup() succesfully completed......................................
